{"contracts/Lottery.sol":{"l":{"43":3,"44":3,"45":3,"46":3,"47":3,"48":3,"49":3,"50":3,"54":5,"55":1,"57":4,"58":1,"60":3,"61":3,"76":1,"77":1,"78":1,"79":1,"80":1,"85":1,"86":1,"87":0,"93":1,"94":1,"102":1,"109":0,"110":0,"111":0,"112":0,"113":0,"114":0,"115":0,"116":0,"117":0,"119":0,"123":1,"127":0,"131":0,"135":0,"139":1,"143":0,"147":5,"151":5,"155":0},"path":"/home/lmitch/Desktop/Solidity/raffle-lottery/contracts/Lottery.sol","s":{"1":5,"2":4,"3":3,"4":3,"5":1,"6":1,"7":1,"8":1,"9":1,"10":1,"11":1,"12":1,"13":0,"14":0,"15":0,"16":0,"17":0,"18":1,"19":0,"20":0,"21":0,"22":1,"23":0,"24":5,"25":5,"26":0},"b":{"1":[1,4],"2":[1,3],"3":[0,1],"4":[0,0]},"f":{"1":3,"2":5,"3":1,"4":1,"5":0,"6":1,"7":0,"8":0,"9":0,"10":1,"11":0,"12":5,"13":5,"14":0},"fnMap":{"1":{"name":"constructor","line":42,"loc":{"start":{"line":35,"column":4},"end":{"line":51,"column":4}}},"2":{"name":"enterRaffle","line":53,"loc":{"start":{"line":53,"column":4},"end":{"line":62,"column":4}}},"3":{"name":"checkUpkeep","line":73,"loc":{"start":{"line":73,"column":4},"end":{"line":82,"column":4}}},"4":{"name":"performUpkeep","line":84,"loc":{"start":{"line":84,"column":4},"end":{"line":103,"column":4}}},"5":{"name":"fulfillRandomWords","line":105,"loc":{"start":{"line":105,"column":4},"end":{"line":120,"column":4}}},"6":{"name":"getRaffleState","line":122,"loc":{"start":{"line":122,"column":4},"end":{"line":124,"column":4}}},"7":{"name":"getNumWords","line":126,"loc":{"start":{"line":126,"column":4},"end":{"line":128,"column":4}}},"8":{"name":"getRequestConfirmations","line":130,"loc":{"start":{"line":130,"column":4},"end":{"line":132,"column":4}}},"9":{"name":"getRecentWinner","line":134,"loc":{"start":{"line":134,"column":4},"end":{"line":136,"column":4}}},"10":{"name":"getPlayer","line":138,"loc":{"start":{"line":138,"column":4},"end":{"line":140,"column":4}}},"11":{"name":"getLastTimeStamp","line":142,"loc":{"start":{"line":142,"column":4},"end":{"line":144,"column":4}}},"12":{"name":"getInterval","line":146,"loc":{"start":{"line":146,"column":4},"end":{"line":148,"column":4}}},"13":{"name":"getEntranceFee","line":150,"loc":{"start":{"line":150,"column":4},"end":{"line":152,"column":4}}},"14":{"name":"getNumberOfPlayers","line":154,"loc":{"start":{"line":154,"column":4},"end":{"line":156,"column":4}}}},"statementMap":{"1":{"start":{"line":54,"column":8},"end":{"line":54,"column":1949}},"2":{"start":{"line":57,"column":8},"end":{"line":57,"column":2045}},"3":{"start":{"line":60,"column":8},"end":{"line":60,"column":42}},"4":{"start":{"line":61,"column":8},"end":{"line":61,"column":36}},"5":{"start":{"line":76,"column":8},"end":{"line":76,"column":57}},"6":{"start":{"line":77,"column":8},"end":{"line":77,"column":76}},"7":{"start":{"line":78,"column":8},"end":{"line":78,"column":46}},"8":{"start":{"line":79,"column":8},"end":{"line":79,"column":51}},"9":{"start":{"line":85,"column":8},"end":{"line":85,"column":47}},"10":{"start":{"line":86,"column":8},"end":{"line":86,"column":3285}},"11":{"start":{"line":94,"column":8},"end":{"line":94,"column":3549}},"12":{"start":{"line":102,"column":8},"end":{"line":102,"column":45}},"13":{"start":{"line":109,"column":8},"end":{"line":109,"column":65}},"14":{"start":{"line":110,"column":8},"end":{"line":110,"column":63}},"15":{"start":{"line":115,"column":8},"end":{"line":115,"column":80}},"16":{"start":{"line":116,"column":8},"end":{"line":116,"column":4336}},"17":{"start":{"line":119,"column":8},"end":{"line":119,"column":41}},"18":{"start":{"line":123,"column":8},"end":{"line":123,"column":29}},"19":{"start":{"line":127,"column":8},"end":{"line":127,"column":24}},"20":{"start":{"line":131,"column":8},"end":{"line":131,"column":36}},"21":{"start":{"line":135,"column":8},"end":{"line":135,"column":29}},"22":{"start":{"line":139,"column":8},"end":{"line":139,"column":31}},"23":{"start":{"line":143,"column":8},"end":{"line":143,"column":30}},"24":{"start":{"line":147,"column":8},"end":{"line":147,"column":25}},"25":{"start":{"line":151,"column":8},"end":{"line":151,"column":28}},"26":{"start":{"line":155,"column":8},"end":{"line":155,"column":31}}},"branchMap":{"1":{"line":54,"type":"if","locations":[{"start":{"line":54,"column":8},"end":{"line":54,"column":8}},{"start":{"line":54,"column":8},"end":{"line":54,"column":8}}]},"2":{"line":57,"type":"if","locations":[{"start":{"line":57,"column":8},"end":{"line":57,"column":8}},{"start":{"line":57,"column":8},"end":{"line":57,"column":8}}]},"3":{"line":86,"type":"if","locations":[{"start":{"line":86,"column":8},"end":{"line":86,"column":8}},{"start":{"line":86,"column":8},"end":{"line":86,"column":8}}]},"4":{"line":116,"type":"if","locations":[{"start":{"line":116,"column":8},"end":{"line":116,"column":8}},{"start":{"line":116,"column":8},"end":{"line":116,"column":8}}]}}},"contracts/test/VRFCoordinatorV2Mock.sol":{"l":{},"path":"/home/lmitch/Desktop/Solidity/raffle-lottery/contracts/test/VRFCoordinatorV2Mock.sol","s":{},"b":{},"f":{},"fnMap":{},"statementMap":{},"branchMap":{}}}