TN:
SF:/home/lmitch/Desktop/Solidity/raffle-lottery/contracts/Lottery.sol
FN:42,constructor
FN:53,enterRaffle
FN:73,checkUpkeep
FN:84,performUpkeep
FN:105,fulfillRandomWords
FN:122,getRaffleState
FN:126,getNumWords
FN:130,getRequestConfirmations
FN:134,getRecentWinner
FN:138,getPlayer
FN:142,getLastTimeStamp
FN:146,getInterval
FN:150,getEntranceFee
FN:154,getNumberOfPlayers
FNF:14
FNH:8
FNDA:3,constructor
FNDA:5,enterRaffle
FNDA:1,checkUpkeep
FNDA:1,performUpkeep
FNDA:0,fulfillRandomWords
FNDA:1,getRaffleState
FNDA:0,getNumWords
FNDA:0,getRequestConfirmations
FNDA:0,getRecentWinner
FNDA:1,getPlayer
FNDA:0,getLastTimeStamp
FNDA:5,getInterval
FNDA:5,getEntranceFee
FNDA:0,getNumberOfPlayers
DA:43,3
DA:44,3
DA:45,3
DA:46,3
DA:47,3
DA:48,3
DA:49,3
DA:50,3
DA:54,5
DA:55,1
DA:57,4
DA:58,1
DA:60,3
DA:61,3
DA:76,1
DA:77,1
DA:78,1
DA:79,1
DA:80,1
DA:85,1
DA:86,1
DA:87,0
DA:93,1
DA:94,1
DA:102,1
DA:109,0
DA:110,0
DA:111,0
DA:112,0
DA:113,0
DA:114,0
DA:115,0
DA:116,0
DA:117,0
DA:119,0
DA:123,1
DA:127,0
DA:131,0
DA:135,0
DA:139,1
DA:143,0
DA:147,5
DA:151,5
DA:155,0
LF:44
LH:28
BRDA:54,1,0,1
BRDA:54,1,1,4
BRDA:57,2,0,1
BRDA:57,2,1,3
BRDA:86,3,0,0
BRDA:86,3,1,1
BRDA:116,4,0,0
BRDA:116,4,1,0
BRF:8
BRH:5
end_of_record
TN:
SF:/home/lmitch/Desktop/Solidity/raffle-lottery/contracts/test/VRFCoordinatorV2Mock.sol
FNF:0
FNH:0
LF:0
LH:0
BRF:0
BRH:0
end_of_record
